<?xml version="1.0" encoding="utf-8"?><testsuites name="pytest tests"><testsuite name="pytest" errors="0" failures="0" skipped="4" tests="18" time="8.442" timestamp="2026-01-31T23:51:27.007864+00:00" hostname="agent-env-0ab535f9-5504-474d-a910-7b495970f483"><testcase classname="tests.test_keuangan.TestAuthentication" name="test_admin_login" time="0.326" /><testcase classname="tests.test_keuangan.TestAuthentication" name="test_invalid_login" time="0.043" /><testcase classname="tests.test_keuangan.TestKategoriUKT" name="test_get_kategori_ukt" time="0.315" /><testcase classname="tests.test_keuangan.TestKategoriUKT" name="test_create_kategori_ukt" time="0.351" /><testcase classname="tests.test_keuangan.TestKategoriUKT" name="test_kategori_ukt_persistence" time="0.307" /><testcase classname="tests.test_keuangan.TestTagihan" name="test_get_all_tagihan" time="0.445" /><testcase classname="tests.test_keuangan.TestTagihan" name="test_get_tagihan_with_filters" time="0.450" /><testcase classname="tests.test_keuangan.TestTagihan" name="test_create_tagihan" time="0.477" /><testcase classname="tests.test_keuangan.TestTagihan" name="test_delete_tagihan_with_payment_fails" time="0.385"><skipped type="pytest.skip" message="No tagihan with payment found">/app/backend/tests/test_keuangan.py:197: No tagihan with payment found</skipped></testcase><testcase classname="tests.test_keuangan.TestPembayaran" name="test_get_all_pembayaran" time="0.312" /><testcase classname="tests.test_keuangan.TestPembayaran" name="test_get_pembayaran_with_status_filter" time="0.377" /><testcase classname="tests.test_keuangan.TestPembayaran" name="test_verify_pembayaran_endpoint_exists" time="0.307" /><testcase classname="tests.test_keuangan.TestRekap" name="test_get_rekap" time="0.304" /><testcase classname="tests.test_keuangan.TestMahasiswaKeuangan" name="test_get_my_tagihan" time="1.137"><skipped type="pytest.skip" message="No mahasiswa login available">/app/backend/tests/test_keuangan.py:317: No mahasiswa login available</skipped></testcase><testcase classname="tests.test_keuangan.TestMahasiswaKeuangan" name="test_get_my_pembayaran" time="1.102"><skipped type="pytest.skip" message="No mahasiswa login available">/app/backend/tests/test_keuangan.py:329: No mahasiswa login available</skipped></testcase><testcase classname="tests.test_keuangan.TestMahasiswaKeuangan" name="test_mahasiswa_can_only_see_own_tagihan" time="1.131"><skipped type="pytest.skip" message="No mahasiswa login available">/app/backend/tests/test_keuangan.py:341: No mahasiswa login available</skipped></testcase><testcase classname="tests.test_keuangan.TestAuthorizationKeuangan" name="test_unauthenticated_access_denied" time="0.169" /><testcase classname="tests.test_keuangan.TestCleanup" name="test_cleanup_test_data" time="0.300" /></testsuite></testsuites>