<?xml version="1.0" encoding="utf-8"?><testsuites name="pytest tests"><testsuite name="pytest" errors="0" failures="0" skipped="2" tests="16" time="2.215" timestamp="2026-02-01T00:22:29.748392+00:00" hostname="agent-env-0ab535f9-5504-474d-a910-7b495970f483"><testcase classname="tests.test_biodata.TestAuthentication" name="test_admin_login" time="0.314" /><testcase classname="tests.test_biodata.TestAuthentication" name="test_mahasiswa_login" time="0.267" /><testcase classname="tests.test_biodata.TestMahasiswaBiodataEndpoints" name="test_get_my_biodata" time="0.345" /><testcase classname="tests.test_biodata.TestMahasiswaBiodataEndpoints" name="test_get_my_change_requests" time="0.045" /><testcase classname="tests.test_biodata.TestMahasiswaBiodataEndpoints" name="test_access_denied_for_admin" time="0.312" /><testcase classname="tests.test_biodata.TestAdminBiodataEndpoints" name="test_get_all_change_requests_pending" time="0.045" /><testcase classname="tests.test_biodata.TestAdminBiodataEndpoints" name="test_get_all_change_requests_no_filter" time="0.079" /><testcase classname="tests.test_biodata.TestAdminBiodataEndpoints" name="test_get_all_biodata_list" time="0.045" /><testcase classname="tests.test_biodata.TestAdminBiodataEndpoints" name="test_get_mahasiswa_belum_isi" time="0.043" /><testcase classname="tests.test_biodata.TestAdminBiodataEndpoints" name="test_access_denied_for_mahasiswa" time="0.040" /><testcase classname="tests.test_biodata.TestBiodataCreateFlow" name="test_create_initial_biodata" time="0.197" /><testcase classname="tests.test_biodata.TestChangeRequestDetailAndReview" name="test_get_change_request_detail" time="0.039"><skipped type="pytest.skip" message="No change requests available">/app/backend/tests/test_biodata.py:280: No change requests available</skipped></testcase><testcase classname="tests.test_biodata.TestChangeRequestDetailAndReview" name="test_get_nonexistent_request_detail" time="0.040" /><testcase classname="tests.test_biodata.TestChangeRequestDetailAndReview" name="test_review_invalid_action" time="0.041"><skipped type="pytest.skip" message="No pending change requests available">/app/backend/tests/test_biodata.py:331: No pending change requests available</skipped></testcase><testcase classname="tests.test_biodata.TestEdgeCases" name="test_unauthorized_access" time="0.115" /><testcase classname="tests.test_biodata.TestEdgeCases" name="test_invalid_token" time="0.038" /></testsuite></testsuites>