<?xml version="1.0" encoding="utf-8"?><testsuites name="pytest tests"><testsuite name="pytest" errors="0" failures="0" skipped="1" tests="19" time="5.185" timestamp="2026-02-01T01:17:22.911317+00:00" hostname="agent-env-0ab535f9-5504-474d-a910-7b495970f483"><testcase classname="backend.tests.test_auth_features.TestLoginWithNIMNIDNNIP" name="test_admin_login_with_nip" time="0.316" /><testcase classname="backend.tests.test_auth_features.TestLoginWithNIMNIDNNIP" name="test_mahasiswa_login_with_nim" time="0.266" /><testcase classname="backend.tests.test_auth_features.TestLoginWithNIMNIDNNIP" name="test_dosen_login_with_nidn" time="0.259" /><testcase classname="backend.tests.test_auth_features.TestLoginWithNIMNIDNNIP" name="test_invalid_credentials_rejected" time="0.042" /><testcase classname="backend.tests.test_auth_features.TestLoginWithNIMNIDNNIP" name="test_wrong_password_rejected" time="0.266" /><testcase classname="backend.tests.test_auth_features.TestForgotPasswordWithApproval" name="test_forgot_password_request_submission" time="0.291" /><testcase classname="backend.tests.test_auth_features.TestForgotPasswordWithApproval" name="test_forgot_password_invalid_user" time="0.041" /><testcase classname="backend.tests.test_auth_features.TestForgotPasswordWithApproval" name="test_admin_get_pending_requests" time="0.303" /><testcase classname="backend.tests.test_auth_features.TestForgotPasswordWithApproval" name="test_admin_get_all_requests" time="0.300" /><testcase classname="backend.tests.test_auth_features.TestForgotPasswordWithApproval" name="test_non_admin_cannot_view_requests" time="0.312" /><testcase classname="backend.tests.test_auth_features.TestFotoProfilWithApproval" name="test_upload_foto_profil" time="0.320" /><testcase classname="backend.tests.test_auth_features.TestFotoProfilWithApproval" name="test_admin_get_foto_requests" time="0.303" /><testcase classname="backend.tests.test_auth_features.TestFotoProfilWithApproval" name="test_user_get_my_foto_requests" time="0.302" /><testcase classname="backend.tests.test_auth_features.TestFotoProfilWithApproval" name="test_non_admin_cannot_view_foto_requests" time="0.299" /><testcase classname="backend.tests.test_auth_features.TestApprovalWorkflow" name="test_review_password_request_approve" time="0.343" /><testcase classname="backend.tests.test_auth_features.TestApprovalWorkflow" name="test_review_foto_request_flow" time="0.343" /><testcase classname="backend.tests.test_auth_features.TestApprovalWorkflow" name="test_invalid_action_rejected" time="0.303" /><testcase classname="backend.tests.test_auth_features.TestUserProfile" name="test_get_user_profile" time="0.301"><skipped type="pytest.skip" message="User login failed">/app/backend/tests/test_auth_features.py:369: User login failed</skipped></testcase><testcase classname="backend.tests.test_auth_features.TestUserProfile" name="test_unauthorized_access_rejected" time="0.076" /></testsuite></testsuites>